<?xml version="1.0" encoding="UTF-8"?>
<!-- Generated by org.testng.reporters.JUnitXMLReporter -->
<testsuite hostname="Faisals-MBP.home" ignored="0" name="Automation Practice App Test Cases" tests="6" failures="0" timestamp="18 May 2019 19:05:52 GMT" time="0.038" errors="0">
  <testcase name="@BeforeMethod setUpdriver" time="0.004" classname="com.ap.ui.testcase.ContactTest">
    <failure type="java.lang.NullPointerException">
      <![CDATA[java.lang.NullPointerException
	at com.ap.ui.base.TestBase.intialization(TestBase.java:45)
	at com.ap.ui.testcase.ContactTest.setUpdriver(ContactTest.java:25)
... Removed 27 stack frames]]>
    </failure>
  </testcase> <!-- @BeforeMethod setUpdriver -->
  <testcase name="@BeforeMethod setUpdriver" time="0.001" classname="com.ap.ui.testcase.SearchItemTest">
    <failure type="java.lang.NullPointerException">
      <![CDATA[java.lang.NullPointerException
	at com.ap.ui.base.TestBase.intialization(TestBase.java:45)
	at com.ap.ui.testcase.SearchItemTest.setUpdriver(SearchItemTest.java:26)
... Removed 27 stack frames]]>
    </failure>
  </testcase> <!-- @BeforeMethod setUpdriver -->
  <testcase name="@BeforeMethod setUpdriver" time="0.0" classname="com.ap.ui.testcase.AddWishlistTest">
    <failure type="java.lang.NullPointerException">
      <![CDATA[java.lang.NullPointerException
	at com.ap.ui.base.TestBase.intialization(TestBase.java:45)
	at com.ap.ui.testcase.AddWishlistTest.setUpdriver(AddWishlistTest.java:28)
... Removed 27 stack frames]]>
    </failure>
  </testcase> <!-- @BeforeMethod setUpdriver -->
  <testcase name="@BeforeMethod setUpdriver" time="0.0" classname="com.ap.ui.testcase.LoginTest">
    <failure type="java.lang.NullPointerException">
      <![CDATA[java.lang.NullPointerException
	at com.ap.ui.base.TestBase.intialization(TestBase.java:45)
	at com.ap.ui.testcase.LoginTest.setUpdriver(LoginTest.java:26)
... Removed 27 stack frames]]>
    </failure>
  </testcase> <!-- @BeforeMethod setUpdriver -->
  <testcase name="@BeforeMethod setUpdriver" time="0.0" classname="com.ap.ui.testcase.LoginTest">
    <skipped/>
  </testcase> <!-- @BeforeMethod setUpdriver -->
  <testcase name="@BeforeMethod setUpdriver" time="0.0" classname="com.ap.ui.testcase.LoginTest">
    <skipped/>
  </testcase> <!-- @BeforeMethod setUpdriver -->
  <testcase name="@AfterTest tearDown" time="0.0" classname="com.ap.ui.testcase.SearchItemTest">
    <skipped/>
  </testcase> <!-- @AfterTest tearDown -->
  <testcase name="testContact" time="0.0" classname="com.ap.ui.testcase.ContactTest">
    <skipped/>
  </testcase> <!-- testContact -->
  <testcase name="testSearchItem" time="0.0" classname="com.ap.ui.testcase.SearchItemTest">
    <skipped/>
  </testcase> <!-- testSearchItem -->
  <testcase name="testAddProductToWishList" time="0.0" classname="com.ap.ui.testcase.AddWishlistTest">
    <skipped/>
  </testcase> <!-- testAddProductToWishList -->
  <testcase name="loginPageTitleTest" time="0.0" classname="com.ap.ui.testcase.LoginTest">
    <skipped/>
  </testcase> <!-- loginPageTitleTest -->
  <testcase name="apLogoTest" time="0.001" classname="com.ap.ui.testcase.LoginTest">
    <skipped/>
  </testcase> <!-- apLogoTest -->
  <testcase name="loginTest" time="0.0" classname="com.ap.ui.testcase.LoginTest">
    <skipped/>
  </testcase> <!-- loginTest -->
</testsuite> <!-- Automation Practice App Test Cases -->
